TN:
SF:src/__tests__/mocks/handlers.ts
FN:7,(anonymous_0)
FN:26,(anonymous_1)
FN:47,(anonymous_2)
FNF:3
FNH:0
FNDA:0,(anonymous_0)
FNDA:0,(anonymous_1)
FNDA:0,(anonymous_2)
DA:1,1
DA:3,1
DA:5,1
DA:8,0
DA:27,0
DA:48,0
DA:49,0
LF:7
LH:3
BRF:0
BRH:0
end_of_record
TN:
SF:src/__tests__/mocks/server.ts
FNF:0
FNH:0
DA:1,1
DA:2,1
DA:4,1
LF:3
LH:3
BRF:0
BRH:0
end_of_record
TN:
SF:src/components/elements/PostCard.tsx
FN:13,(anonymous_0)
FN:20,(anonymous_1)
FNF:2
FNH:2
FNDA:4,(anonymous_0)
FNDA:1,(anonymous_1)
DA:1,1
DA:3,1
DA:4,1
DA:13,1
DA:14,4
DA:20,1
LF:6
LH:6
BRF:0
BRH:0
end_of_record
TN:
SF:src/components/ui/button.tsx
FN:43,(anonymous_7)
FNF:1
FNH:1
FNDA:4,(anonymous_7)
DA:1,1
DA:2,1
DA:3,1
DA:5,1
DA:7,1
DA:42,1
DA:43,4
DA:44,4
DA:45,4
DA:54,1
DA:56,1
LF:11
LH:11
BRDA:43,0,0,4
BRDA:44,1,0,0
BRDA:44,1,1,4
BRF:3
BRH:2
end_of_record
TN:
SF:src/components/ui/card.tsx
FN:8,(anonymous_7)
FN:23,(anonymous_8)
FN:35,(anonymous_9)
FN:50,(anonymous_10)
FN:62,(anonymous_11)
FN:70,(anonymous_12)
FNF:6
FNH:4
FNDA:4,(anonymous_7)
FNDA:4,(anonymous_8)
FNDA:4,(anonymous_9)
FNDA:0,(anonymous_10)
FNDA:4,(anonymous_11)
FNDA:0,(anonymous_12)
DA:1,1
DA:3,1
DA:5,1
DA:8,4
DA:18,1
DA:20,1
DA:23,4
DA:30,1
DA:32,1
DA:35,4
DA:45,1
DA:47,1
DA:50,0
DA:57,1
DA:59,1
DA:62,4
DA:65,1
DA:67,1
DA:70,0
DA:77,1
DA:79,1
LF:21
LH:19
BRF:0
BRH:0
end_of_record
TN:
SF:src/lib/utils.ts
FN:4,cn
FNF:1
FNH:1
FNDA:20,cn
DA:1,1
DA:2,1
DA:4,1
DA:5,20
LF:4
LH:4
BRF:0
BRH:0
end_of_record
